[00:31:04] [ServerMain/INFO]: [bootstrap] Running Java 21 (OpenJDK 64-Bit Server VM 21.0.6+7-Ubuntu-120.04.1; Ubuntu null) on Linux 6.5.0-1025-azure (amd64)
[00:31:04] [ServerMain/INFO]: [bootstrap] Loading Paper 1.21.1-57-master@b483da4 (2024-09-01T18:09:05Z) for Minecraft 1.21.1
[00:31:04] [ServerMain/INFO]: [PluginInitializerManager] Initializing plugins...
[00:31:04] [ServerMain/INFO]: [PluginInitializerManager] Initialized 1 plugin
[00:31:04] [ServerMain/INFO]: [PluginInitializerManager] Bukkit plugins (1):
 - sleep-most (5.5.1)
[00:31:09] [ServerMain/INFO]: Environment: Environment[sessionHost=https://sessionserver.mojang.com, servicesHost=https://api.minecraftservices.com, name=PROD]
[00:31:09] [ServerMain/INFO]: Found new data pack paper, loading it automatically
[00:31:10] [ServerMain/INFO]: Loaded 1290 recipes
[00:31:11] [ServerMain/INFO]: Loaded 1399 advancements
[00:31:11] [Server thread/INFO]: Starting minecraft server version 1.21.1
[00:31:11] [Server thread/INFO]: Loading properties
[00:31:11] [Server thread/INFO]: This server is running Paper version 1.21.1-57-master@b483da4 (2024-09-01T18:09:05Z) (Implementing API version 1.21.1-R0.1-SNAPSHOT)
[00:31:12] [Server thread/INFO]: [spark] This server bundles the spark profiler. For more information please visit https://docs.papermc.io/paper/profiling
[00:31:12] [Server thread/INFO]: Server Ping Player Sample Count: 12
[00:31:12] [Server thread/INFO]: Using 4 threads for Netty based IO
[00:31:13] [Server thread/INFO]: [ChunkTaskScheduler] Chunk system is using 1 I/O threads, 1 worker threads, and population gen parallelism of 1 threads
[00:31:13] [Server thread/INFO]: Default game type: SURVIVAL
[00:31:13] [Server thread/INFO]: Generating keypair
[00:31:13] [Server thread/INFO]: Starting Minecraft server on *:25565
[00:31:13] [Server thread/INFO]: Using epoll channel type
[00:31:13] [Server thread/INFO]: Paper: Using libdeflate (Linux x86_64) compression from Velocity.
[00:31:13] [Server thread/INFO]: Paper: Using OpenSSL 1.1.x (Linux x86_64) cipher from Velocity.
[00:31:13] [Server thread/INFO]: [sleep-most] Loading server plugin sleep-most v5.5.1
[00:31:13] [Server thread/INFO]: Server permissions file permissions.yml is empty, ignoring it
[00:31:13] [Server thread/WARN]: **** SERVER IS RUNNING IN OFFLINE/INSECURE MODE!
[00:31:13] [Server thread/WARN]: The server will make no attempt to authenticate usernames. Beware.
[00:31:13] [Server thread/WARN]: While this makes the game possible to play without internet access, it also opens up the ability for hackers to connect with any username they choose.
[00:31:13] [Server thread/WARN]: To change this, set "online-mode" to "true" in the server.properties file.
[00:31:13] [Server thread/INFO]: Preparing level "world"
[00:31:14] [Server thread/INFO]: Preparing start region for dimension minecraft:overworld
[00:31:15] [Server thread/INFO]: Time elapsed: 1625 ms
[00:31:15] [Server thread/INFO]: Preparing start region for dimension minecraft:the_nether
[00:31:15] [Server thread/INFO]: Time elapsed: 282 ms
[00:31:15] [Server thread/INFO]: Preparing start region for dimension minecraft:the_end
[00:31:16] [Server thread/INFO]: Time elapsed: 72 ms
[00:31:16] [Server thread/INFO]: [sleep-most] Enabling sleep-most v5.5.1
[00:31:16] [Server thread/INFO]: [spark] Starting background profiler...
[00:31:16] [Server thread/INFO]: Done preparing level "world" (3.137s)
[00:31:16] [Server thread/INFO]: Running delayed init tasks
[00:31:16] [Server thread/INFO]: Done (13.369s)! For help, type "help"
[00:31:16] [Server thread/INFO]: Timings Reset
[00:31:16] [Server thread/INFO]: Unknown or incomplete command, see below for error
/home/codespace/.python/current/bin/python /workspaces/refactored-octo-giggle/ses.py<--[HERE]
[00:31:17] [Craft Scheduler Thread - 3 - sleep-most/INFO]: [sleep-most] UPDATE FOUND: A newer version of sleep-most is available to download!
[00:32:10] [User Authenticator #0/INFO]: UUID of player ollop78 is 017e40b1-a3dd-3ae5-964c-c6f19a1b307f
[00:32:12] [Server thread/INFO]: ollop78 joined the game
[00:32:13] [Server thread/INFO]: ollop78[/127.174.213.253:52611] logged in with entity id 14 at ([world]1414.001254281664, -33.0, -730.3512272358602)
[00:32:29] [Server thread/INFO]: Stopping the server
[00:32:29] [Server thread/INFO]: Stopping server
[00:32:29] [Server thread/INFO]: [sleep-most] Disabling sleep-most v5.5.1
[00:32:29] [Server thread/INFO]: Saving players
[00:32:29] [Server thread/INFO]: ollop78 lost connection: Server closed
[00:32:29] [Server thread/INFO]: ollop78 left the game
[00:32:29] [Server thread/INFO]: Saving worlds
[00:32:29] [Server thread/INFO]: Saving chunks for level 'ServerLevel[world]'/minecraft:overworld
[00:32:29] [Server thread/INFO]: [ChunkHolderManager] Waiting 60s for chunk system to halt for world 'world'
[00:32:29] [Server thread/INFO]: [ChunkHolderManager] Halted chunk system for world 'world'
[00:32:29] [Server thread/INFO]: [ChunkHolderManager] Saving all chunkholders for world 'world'
[00:32:30] [Server thread/INFO]: [ChunkHolderManager] Saved 674 block chunks, 674 entity chunks, 0 poi chunks in world 'world' in 1.28s
[00:32:30] [Server thread/INFO]: Saving chunks for level 'ServerLevel[world_nether]'/minecraft:the_nether
[00:32:30] [Server thread/INFO]: [ChunkHolderManager] Waiting 60s for chunk system to halt for world 'world_nether'
[00:32:30] [Server thread/INFO]: [ChunkHolderManager] Halted chunk system for world 'world_nether'
[00:32:30] [Server thread/INFO]: [ChunkHolderManager] Saving all chunkholders for world 'world_nether'
[00:32:30] [Server thread/INFO]: [ChunkHolderManager] Saved 49 block chunks, 49 entity chunks, 0 poi chunks in world 'world_nether' in 0.08s
[00:32:30] [Server thread/INFO]: Saving chunks for level 'ServerLevel[world_the_end]'/minecraft:the_end
[00:32:30] [Server thread/INFO]: [ChunkHolderManager] Waiting 60s for chunk system to halt for world 'world_the_end'
[00:32:30] [Server thread/INFO]: [ChunkHolderManager] Halted chunk system for world 'world_the_end'
[00:32:30] [Server thread/INFO]: [ChunkHolderManager] Saving all chunkholders for world 'world_the_end'
[00:32:30] [Server thread/INFO]: [ChunkHolderManager] Saved 49 block chunks, 49 entity chunks, 0 poi chunks in world 'world_the_end' in 0.02s
[00:32:30] [Server thread/INFO]: ThreadedAnvilChunkStorage (world): All chunks are saved
[00:32:30] [Server thread/INFO]: ThreadedAnvilChunkStorage (DIM-1): All chunks are saved
[00:32:30] [Server thread/INFO]: ThreadedAnvilChunkStorage (DIM1): All chunks are saved
[00:32:30] [Server thread/INFO]: ThreadedAnvilChunkStorage: All dimensions are saved
